f:\skeletalanimation\md5skeletalanimation\md5skeletalanimation\debug\vc120.pdb
f:\github\projects\md5skeletalanimation\md5skeletalanimation\debug\vc120.pdb
f:\github\projects\md5skeletalanimation\md5skeletalanimation\debug\vc120.idb
f:\github\projects\md5skeletalanimation\md5skeletalanimation\debug\d3d_render.obj
f:\github\projects\md5skeletalanimation\md5skeletalanimation\debug\d3d_utility.obj
f:\github\projects\md5skeletalanimation\md5skeletalanimation\debug\log.obj
f:\github\projects\md5skeletalanimation\md5skeletalanimation\debug\md5model.obj
f:\github\projects\md5skeletalanimation\md5skeletalanimation\debug\quaternion.obj
f:\github\projects\md5skeletalanimation\md5skeletalanimation\debug\trackball.obj
f:\skeletalanimation\md5skeletalanimation\debug\md5skeletalanimation.ilk
f:\skeletalanimation\md5skeletalanimation\debug\md5skeletalanimation.exe
f:\skeletalanimation\md5skeletalanimation\debug\md5skeletalanimation.pdb
f:\github\projects\md5skeletalanimation\debug\md5skeletalanimation.ilk
f:\github\projects\md5skeletalanimation\debug\md5skeletalanimation.exe
f:\github\projects\md5skeletalanimation\debug\md5skeletalanimation.pdb
f:\github\projects\md5skeletalanimation\md5skeletalanimation\debug\md5skele.28a1c268.tlog\cl.command.1.tlog
f:\github\projects\md5skeletalanimation\md5skeletalanimation\debug\md5skele.28a1c268.tlog\cl.read.1.tlog
f:\github\projects\md5skeletalanimation\md5skeletalanimation\debug\md5skele.28a1c268.tlog\cl.write.1.tlog
f:\github\projects\md5skeletalanimation\md5skeletalanimation\debug\md5skele.28a1c268.tlog\link.command.1.tlog
f:\github\projects\md5skeletalanimation\md5skeletalanimation\debug\md5skele.28a1c268.tlog\link.read.1.tlog
f:\github\projects\md5skeletalanimation\md5skeletalanimation\debug\md5skele.28a1c268.tlog\link.write.1.tlog
